0 info it worked if it ends with ok
1 verbose cli [ '/usr/share/atom/resources/app/apm/node_modules/atom-package-manager/bin/node',
1 verbose cli   '/usr/share/atom/resources/app/apm/node_modules/atom-package-manager/node_modules/npm/bin/npm-cli.js',
1 verbose cli   'version',
1 verbose cli   'v0.3.2',
1 verbose cli   '-m',
1 verbose cli   'Prepare %s release' ]
2 info using npm@1.4.4
3 info using node@v0.10.33
4 error Error: Version not changed
4 error     at /usr/share/atom/resources/app/apm/node_modules/atom-package-manager/node_modules/npm/lib/version.js:59:45
4 error     at fs.js:271:14
4 error     at /usr/share/atom/resources/app/apm/node_modules/atom-package-manager/node_modules/npm/node_modules/graceful-fs/graceful-fs.js:105:5
4 error     at Object.oncomplete (fs.js:107:15)
5 error If you need help, you may report this *entire* log,
5 error including the npm and node versions, at:
5 error     <http://github.com/npm/npm/issues>
6 error System Linux 3.17-4.dmz.2-liquorix-amd64
7 error command "/usr/share/atom/resources/app/apm/node_modules/atom-package-manager/bin/node" "/usr/share/atom/resources/app/apm/node_modules/atom-package-manager/node_modules/npm/bin/npm-cli.js" "version" "v0.3.2" "-m" "Prepare %s release"
8 error cwd /home/olmo/.atom/packages/my-ui
9 error node -v v0.10.33
10 error npm -v 1.4.4
11 verbose exit [ 1, true ]
